--------------- PARAMS --------------
candFile        = /home/domphillips/MarkovLogic/lsmcode/data/imdb2.rules
minSup          = 0
dbFiles         = imdb2.db
combLDBFile     = /home/domphillips/MarkovLogic/lsmcode/data/imdb2.comb.ldb
unmergeLDBFiles = /home/domphillips/MarkovLogic/lsmcode/data/imdb2.uldb
declFile        = imdb.info
learnWtsExec    = /home/domphillips/MarkovLogic/lsmcode//alchemy30/bin/learnwts
tmpDir          = /home/domphillips/MarkovLogic/lsmcode/data/tmpdir
fractAtoms      = 0.5
lenPenalty      = 0.1
quickLenPenalty = 0.1
numFlips        = 100
maxLen          = 5
minAtoms        = 100
maxAtoms        = 1000
numQuickPruneDBs= 1
outMLN          = /home/domphillips/MarkovLogic/HierarchicalClustering/MLNs/imdb2-rules.mln
seed            = 1
trivialBinFile  = 
symRelFile      = 
cfAllSub        = true
cora            = false
noQuickPrune    = false
secLimit        = -1
-------------------------------------
ERROR: failed to open imdb.info
