--------------- PARAMS --------------
candFile        = /home/domphillips/MarkovLogic/lsmcode/data/imdb1_old.rules
minSup          = 0
dbFiles         = /home/domphillips/MarkovLogic/lsmcode/data/imdb1.db
combLDBFile     = /home/domphillips/MarkovLogic/lsmcode/data/imdb1_old.comb.ldb
unmergeLDBFiles = /home/domphillips/MarkovLogic/lsmcode/data/imdb1_old.uldb
declFile        = /home/domphillips/MarkovLogic/lsmcode/data/imdb.info
learnWtsExec    = /home/domphillips/MarkovLogic/lsmcode//alchemy30/bin/learnwts
tmpDir          = /home/domphillips/MarkovLogic/lsmcode/data/tmpdir
fractAtoms      = 0.5
lenPenalty      = 0.1
quickLenPenalty = 0.1
numFlips        = 100
maxLen          = 5
minAtoms        = 100
maxAtoms        = 1000
numQuickPruneDBs= 1
outMLN          = /home/domphillips/MarkovLogic/HierarchicalClustering/MLNs/imdb1_old-rules.mln
seed            = 1
trivialBinFile  = 
symRelFile      = 
cfAllSub        = true
cora            = false
noQuickPrune    = false
secLimit        = -1
-------------------------------------
CHOSEN_PATHS  45 / 45
PRUNED PATHS  0 / 45
ERROR: (b) failed to open /home/domphillips/MarkovLogic/lsmcode/data/tmpdir/_home_domphillips_MarkovLogic_HierarchicalClustering_MLNs_imdb1_old-rules_mlntmp_mln_xxx.mln
ERROR: failed to open /home/domphillips/MarkovLogic/lsmcode/data/tmpdir/_home_domphillips_MarkovLogic_HierarchicalClustering_MLNs_imdb1_old-rules_mlntmp_log_xxx.log
